running egg_info
creating ../build/follow_person_twist/follow_person_twist.egg-info
writing ../build/follow_person_twist/follow_person_twist.egg-info/PKG-INFO
writing dependency_links to ../build/follow_person_twist/follow_person_twist.egg-info/dependency_links.txt
writing entry points to ../build/follow_person_twist/follow_person_twist.egg-info/entry_points.txt
writing requirements to ../build/follow_person_twist/follow_person_twist.egg-info/requires.txt
writing top-level names to ../build/follow_person_twist/follow_person_twist.egg-info/top_level.txt
writing manifest file '../build/follow_person_twist/follow_person_twist.egg-info/SOURCES.txt'
reading manifest file '../build/follow_person_twist/follow_person_twist.egg-info/SOURCES.txt'
writing manifest file '../build/follow_person_twist/follow_person_twist.egg-info/SOURCES.txt'
running build
running build_py
creating /home/kirils/final/build/follow_person_twist/build
creating /home/kirils/final/build/follow_person_twist/build/lib
creating /home/kirils/final/build/follow_person_twist/build/lib/follow_person_twist
copying follow_person_twist/__init__.py -> /home/kirils/final/build/follow_person_twist/build/lib/follow_person_twist
copying follow_person_twist/path_playback.py -> /home/kirils/final/build/follow_person_twist/build/lib/follow_person_twist
copying follow_person_twist/lidar.py -> /home/kirils/final/build/follow_person_twist/build/lib/follow_person_twist
copying follow_person_twist/person_detection_lidar.py -> /home/kirils/final/build/follow_person_twist/build/lib/follow_person_twist
copying follow_person_twist/lidar_transform.py -> /home/kirils/final/build/follow_person_twist/build/lib/follow_person_twist
copying follow_person_twist/path_record.py -> /home/kirils/final/build/follow_person_twist/build/lib/follow_person_twist
copying follow_person_twist/person_follow.py -> /home/kirils/final/build/follow_person_twist/build/lib/follow_person_twist
copying follow_person_twist/person_detection.py -> /home/kirils/final/build/follow_person_twist/build/lib/follow_person_twist
running install
running install_lib
creating /home/kirils/final/install/follow_person_twist/lib/python3.10/site-packages/follow_person_twist
copying /home/kirils/final/build/follow_person_twist/build/lib/follow_person_twist/__init__.py -> /home/kirils/final/install/follow_person_twist/lib/python3.10/site-packages/follow_person_twist
copying /home/kirils/final/build/follow_person_twist/build/lib/follow_person_twist/path_playback.py -> /home/kirils/final/install/follow_person_twist/lib/python3.10/site-packages/follow_person_twist
copying /home/kirils/final/build/follow_person_twist/build/lib/follow_person_twist/lidar.py -> /home/kirils/final/install/follow_person_twist/lib/python3.10/site-packages/follow_person_twist
copying /home/kirils/final/build/follow_person_twist/build/lib/follow_person_twist/person_detection_lidar.py -> /home/kirils/final/install/follow_person_twist/lib/python3.10/site-packages/follow_person_twist
copying /home/kirils/final/build/follow_person_twist/build/lib/follow_person_twist/lidar_transform.py -> /home/kirils/final/install/follow_person_twist/lib/python3.10/site-packages/follow_person_twist
copying /home/kirils/final/build/follow_person_twist/build/lib/follow_person_twist/path_record.py -> /home/kirils/final/install/follow_person_twist/lib/python3.10/site-packages/follow_person_twist
copying /home/kirils/final/build/follow_person_twist/build/lib/follow_person_twist/person_follow.py -> /home/kirils/final/install/follow_person_twist/lib/python3.10/site-packages/follow_person_twist
copying /home/kirils/final/build/follow_person_twist/build/lib/follow_person_twist/person_detection.py -> /home/kirils/final/install/follow_person_twist/lib/python3.10/site-packages/follow_person_twist
byte-compiling /home/kirils/final/install/follow_person_twist/lib/python3.10/site-packages/follow_person_twist/__init__.py to __init__.cpython-310.pyc
byte-compiling /home/kirils/final/install/follow_person_twist/lib/python3.10/site-packages/follow_person_twist/path_playback.py to path_playback.cpython-310.pyc
byte-compiling /home/kirils/final/install/follow_person_twist/lib/python3.10/site-packages/follow_person_twist/lidar.py to lidar.cpython-310.pyc
byte-compiling /home/kirils/final/install/follow_person_twist/lib/python3.10/site-packages/follow_person_twist/person_detection_lidar.py to person_detection_lidar.cpython-310.pyc
byte-compiling /home/kirils/final/install/follow_person_twist/lib/python3.10/site-packages/follow_person_twist/lidar_transform.py to lidar_transform.cpython-310.pyc
byte-compiling /home/kirils/final/install/follow_person_twist/lib/python3.10/site-packages/follow_person_twist/path_record.py to path_record.cpython-310.pyc
byte-compiling /home/kirils/final/install/follow_person_twist/lib/python3.10/site-packages/follow_person_twist/person_follow.py to person_follow.cpython-310.pyc
byte-compiling /home/kirils/final/install/follow_person_twist/lib/python3.10/site-packages/follow_person_twist/person_detection.py to person_detection.cpython-310.pyc
running install_data
creating /home/kirils/final/install/follow_person_twist/share/ament_index
creating /home/kirils/final/install/follow_person_twist/share/ament_index/resource_index
creating /home/kirils/final/install/follow_person_twist/share/ament_index/resource_index/packages
copying resource/follow_person_twist -> /home/kirils/final/install/follow_person_twist/share/ament_index/resource_index/packages
copying package.xml -> /home/kirils/final/install/follow_person_twist/share/follow_person_twist
creating /home/kirils/final/install/follow_person_twist/share/follow_person_twist/launch
copying launch/follow_person_twist_launch.py -> /home/kirils/final/install/follow_person_twist/share/follow_person_twist/launch
copying launch/follow_person_twist_launch_lidar.py -> /home/kirils/final/install/follow_person_twist/share/follow_person_twist/launch
running install_egg_info
Copying ../build/follow_person_twist/follow_person_twist.egg-info to /home/kirils/final/install/follow_person_twist/lib/python3.10/site-packages/follow_person_twist-0.0.0-py3.10.egg-info
running install_scripts
Installing lidar script to /home/kirils/final/install/follow_person_twist/lib/follow_person_twist
Installing lidar_transform script to /home/kirils/final/install/follow_person_twist/lib/follow_person_twist
Installing path_playback script to /home/kirils/final/install/follow_person_twist/lib/follow_person_twist
Installing path_record script to /home/kirils/final/install/follow_person_twist/lib/follow_person_twist
Installing person_detection script to /home/kirils/final/install/follow_person_twist/lib/follow_person_twist
Installing person_detection_lidar script to /home/kirils/final/install/follow_person_twist/lib/follow_person_twist
Installing person_follow script to /home/kirils/final/install/follow_person_twist/lib/follow_person_twist
writing list of installed files to '/home/kirils/final/build/follow_person_twist/install.log'
