running egg_info
writing ../build/follow_person_twist/follow_person_twist.egg-info/PKG-INFO
writing dependency_links to ../build/follow_person_twist/follow_person_twist.egg-info/dependency_links.txt
writing entry points to ../build/follow_person_twist/follow_person_twist.egg-info/entry_points.txt
writing requirements to ../build/follow_person_twist/follow_person_twist.egg-info/requires.txt
writing top-level names to ../build/follow_person_twist/follow_person_twist.egg-info/top_level.txt
reading manifest file '../build/follow_person_twist/follow_person_twist.egg-info/SOURCES.txt'
writing manifest file '../build/follow_person_twist/follow_person_twist.egg-info/SOURCES.txt'
running build
running build_py
running install
running install_lib
running install_data
running install_egg_info
removing '/home/kirils/final/install/follow_person_twist/lib/python3.10/site-packages/follow_person_twist-0.0.0-py3.10.egg-info' (and everything under it)
Copying ../build/follow_person_twist/follow_person_twist.egg-info to /home/kirils/final/install/follow_person_twist/lib/python3.10/site-packages/follow_person_twist-0.0.0-py3.10.egg-info
running install_scripts
Installing lidar script to /home/kirils/final/install/follow_person_twist/lib/follow_person_twist
Installing lidar_transform script to /home/kirils/final/install/follow_person_twist/lib/follow_person_twist
Installing path_playback script to /home/kirils/final/install/follow_person_twist/lib/follow_person_twist
Installing path_record script to /home/kirils/final/install/follow_person_twist/lib/follow_person_twist
Installing person_detection script to /home/kirils/final/install/follow_person_twist/lib/follow_person_twist
Installing person_detection_lidar script to /home/kirils/final/install/follow_person_twist/lib/follow_person_twist
Installing person_follow script to /home/kirils/final/install/follow_person_twist/lib/follow_person_twist
writing list of installed files to '/home/kirils/final/build/follow_person_twist/install.log'
