/home/kirils/final/install/follow_person_twist/lib/python3.10/site-packages/follow_person_twist/__init__.py
/home/kirils/final/install/follow_person_twist/lib/python3.10/site-packages/follow_person_twist/path_playback.py
/home/kirils/final/install/follow_person_twist/lib/python3.10/site-packages/follow_person_twist/lidar.py
/home/kirils/final/install/follow_person_twist/lib/python3.10/site-packages/follow_person_twist/person_detection_lidar.py
/home/kirils/final/install/follow_person_twist/lib/python3.10/site-packages/follow_person_twist/lidar_transform.py
/home/kirils/final/install/follow_person_twist/lib/python3.10/site-packages/follow_person_twist/path_record.py
/home/kirils/final/install/follow_person_twist/lib/python3.10/site-packages/follow_person_twist/person_follow.py
/home/kirils/final/install/follow_person_twist/lib/python3.10/site-packages/follow_person_twist/person_detection.py
/home/kirils/final/install/follow_person_twist/lib/python3.10/site-packages/follow_person_twist/__pycache__/__init__.cpython-310.pyc
/home/kirils/final/install/follow_person_twist/lib/python3.10/site-packages/follow_person_twist/__pycache__/path_playback.cpython-310.pyc
/home/kirils/final/install/follow_person_twist/lib/python3.10/site-packages/follow_person_twist/__pycache__/lidar.cpython-310.pyc
/home/kirils/final/install/follow_person_twist/lib/python3.10/site-packages/follow_person_twist/__pycache__/person_detection_lidar.cpython-310.pyc
/home/kirils/final/install/follow_person_twist/lib/python3.10/site-packages/follow_person_twist/__pycache__/lidar_transform.cpython-310.pyc
/home/kirils/final/install/follow_person_twist/lib/python3.10/site-packages/follow_person_twist/__pycache__/path_record.cpython-310.pyc
/home/kirils/final/install/follow_person_twist/lib/python3.10/site-packages/follow_person_twist/__pycache__/person_follow.cpython-310.pyc
/home/kirils/final/install/follow_person_twist/lib/python3.10/site-packages/follow_person_twist/__pycache__/person_detection.cpython-310.pyc
/home/kirils/final/install/follow_person_twist/share/ament_index/resource_index/packages/follow_person_twist
/home/kirils/final/install/follow_person_twist/share/follow_person_twist/package.xml
/home/kirils/final/install/follow_person_twist/share/follow_person_twist/launch/follow_person_twist_launch.py
/home/kirils/final/install/follow_person_twist/share/follow_person_twist/launch/follow_person_twist_launch_lidar.py
/home/kirils/final/install/follow_person_twist/lib/python3.10/site-packages/follow_person_twist-0.0.0-py3.10.egg-info/entry_points.txt
/home/kirils/final/install/follow_person_twist/lib/python3.10/site-packages/follow_person_twist-0.0.0-py3.10.egg-info/SOURCES.txt
/home/kirils/final/install/follow_person_twist/lib/python3.10/site-packages/follow_person_twist-0.0.0-py3.10.egg-info/dependency_links.txt
/home/kirils/final/install/follow_person_twist/lib/python3.10/site-packages/follow_person_twist-0.0.0-py3.10.egg-info/top_level.txt
/home/kirils/final/install/follow_person_twist/lib/python3.10/site-packages/follow_person_twist-0.0.0-py3.10.egg-info/zip-safe
/home/kirils/final/install/follow_person_twist/lib/python3.10/site-packages/follow_person_twist-0.0.0-py3.10.egg-info/requires.txt
/home/kirils/final/install/follow_person_twist/lib/python3.10/site-packages/follow_person_twist-0.0.0-py3.10.egg-info/PKG-INFO
/home/kirils/final/install/follow_person_twist/lib/follow_person_twist/lidar
/home/kirils/final/install/follow_person_twist/lib/follow_person_twist/lidar_transform
/home/kirils/final/install/follow_person_twist/lib/follow_person_twist/path_playback
/home/kirils/final/install/follow_person_twist/lib/follow_person_twist/path_record
/home/kirils/final/install/follow_person_twist/lib/follow_person_twist/person_detection
/home/kirils/final/install/follow_person_twist/lib/follow_person_twist/person_detection_lidar
/home/kirils/final/install/follow_person_twist/lib/follow_person_twist/person_follow
