[0.715s] Invoking command in '/home/kirils/final/follow_person': PYTHONPATH=/home/kirils/final/build/follow_person/prefix_override:/usr/lib/python3/dist-packages/colcon_core/task/python/colcon_distutils_commands:/home/kirils/final/install/follow_person/lib/python3.10/site-packages:${PYTHONPATH} /usr/bin/python3 -W ignore:setup.py install is deprecated -W ignore:easy_install command is deprecated setup.py egg_info --egg-base ../build/follow_person build --build-base /home/kirils/final/build/follow_person/build install --record /home/kirils/final/build/follow_person/install.log --single-version-externally-managed install_data
[0.915s] running egg_info
[0.915s] writing ../build/follow_person/follow_person.egg-info/PKG-INFO
[0.915s] writing dependency_links to ../build/follow_person/follow_person.egg-info/dependency_links.txt
[0.915s] writing entry points to ../build/follow_person/follow_person.egg-info/entry_points.txt
[0.916s] writing requirements to ../build/follow_person/follow_person.egg-info/requires.txt
[0.916s] writing top-level names to ../build/follow_person/follow_person.egg-info/top_level.txt
[0.917s] reading manifest file '../build/follow_person/follow_person.egg-info/SOURCES.txt'
[0.918s] writing manifest file '../build/follow_person/follow_person.egg-info/SOURCES.txt'
[0.918s] running build
[0.918s] running build_py
[0.918s] running install
[0.919s] running install_lib
[0.919s] running install_data
[0.920s] running install_egg_info
[0.921s] removing '/home/kirils/final/install/follow_person/lib/python3.10/site-packages/follow_person-0.0.0-py3.10.egg-info' (and everything under it)
[0.921s] Copying ../build/follow_person/follow_person.egg-info to /home/kirils/final/install/follow_person/lib/python3.10/site-packages/follow_person-0.0.0-py3.10.egg-info
[0.922s] running install_scripts
[0.938s] Installing lidar_transform script to /home/kirils/final/install/follow_person/lib/follow_person
[0.938s] Installing nav2_goal script to /home/kirils/final/install/follow_person/lib/follow_person
[0.938s] Installing path_playback script to /home/kirils/final/install/follow_person/lib/follow_person
[0.938s] Installing path_record script to /home/kirils/final/install/follow_person/lib/follow_person
[0.938s] Installing person_detection_lidar_nav script to /home/kirils/final/install/follow_person/lib/follow_person
[0.938s] Installing person_detection_nav script to /home/kirils/final/install/follow_person/lib/follow_person
[0.938s] writing list of installed files to '/home/kirils/final/build/follow_person/install.log'
[0.967s] Invoked command in '/home/kirils/final/follow_person' returned '0': PYTHONPATH=/home/kirils/final/build/follow_person/prefix_override:/usr/lib/python3/dist-packages/colcon_core/task/python/colcon_distutils_commands:/home/kirils/final/install/follow_person/lib/python3.10/site-packages:${PYTHONPATH} /usr/bin/python3 -W ignore:setup.py install is deprecated -W ignore:easy_install command is deprecated setup.py egg_info --egg-base ../build/follow_person build --build-base /home/kirils/final/build/follow_person/build install --record /home/kirils/final/build/follow_person/install.log --single-version-externally-managed install_data
