[1.001s] Invoking command in '/home/kirils/final/follow_person': PYTHONPATH=/home/kirils/final/build/follow_person/prefix_override:/usr/lib/python3/dist-packages/colcon_core/task/python/colcon_distutils_commands:/home/kirils/final/install/follow_person/lib/python3.10/site-packages:${PYTHONPATH} /usr/bin/python3 -W ignore:setup.py install is deprecated -W ignore:easy_install command is deprecated setup.py egg_info --egg-base ../build/follow_person build --build-base /home/kirils/final/build/follow_person/build install --record /home/kirils/final/build/follow_person/install.log --single-version-externally-managed install_data
[1.275s] running egg_info
[1.276s] writing ../build/follow_person/follow_person.egg-info/PKG-INFO
[1.276s] writing dependency_links to ../build/follow_person/follow_person.egg-info/dependency_links.txt
[1.277s] writing entry points to ../build/follow_person/follow_person.egg-info/entry_points.txt
[1.277s] writing requirements to ../build/follow_person/follow_person.egg-info/requires.txt
[1.277s] writing top-level names to ../build/follow_person/follow_person.egg-info/top_level.txt
[1.279s] reading manifest file '../build/follow_person/follow_person.egg-info/SOURCES.txt'
[1.281s] writing manifest file '../build/follow_person/follow_person.egg-info/SOURCES.txt'
[1.281s] running build
[1.281s] running build_py
[1.281s] copying follow_person/path_record.py -> /home/kirils/final/build/follow_person/build/lib/follow_person
[1.281s] running install
[1.282s] running install_lib
[1.283s] copying /home/kirils/final/build/follow_person/build/lib/follow_person/path_record.py -> /home/kirils/final/install/follow_person/lib/python3.10/site-packages/follow_person
[1.283s] byte-compiling /home/kirils/final/install/follow_person/lib/python3.10/site-packages/follow_person/path_record.py to path_record.cpython-310.pyc
[1.285s] running install_data
[1.285s] running install_egg_info
[1.287s] removing '/home/kirils/final/install/follow_person/lib/python3.10/site-packages/follow_person-0.0.0-py3.10.egg-info' (and everything under it)
[1.287s] Copying ../build/follow_person/follow_person.egg-info to /home/kirils/final/install/follow_person/lib/python3.10/site-packages/follow_person-0.0.0-py3.10.egg-info
[1.288s] running install_scripts
[1.311s] Installing lidar_transform script to /home/kirils/final/install/follow_person/lib/follow_person
[1.311s] Installing nav2_goal script to /home/kirils/final/install/follow_person/lib/follow_person
[1.311s] Installing path_playback script to /home/kirils/final/install/follow_person/lib/follow_person
[1.311s] Installing path_record script to /home/kirils/final/install/follow_person/lib/follow_person
[1.311s] Installing person_detection_lidar_nav script to /home/kirils/final/install/follow_person/lib/follow_person
[1.311s] Installing person_detection_nav script to /home/kirils/final/install/follow_person/lib/follow_person
[1.312s] writing list of installed files to '/home/kirils/final/build/follow_person/install.log'
[1.353s] Invoked command in '/home/kirils/final/follow_person' returned '0': PYTHONPATH=/home/kirils/final/build/follow_person/prefix_override:/usr/lib/python3/dist-packages/colcon_core/task/python/colcon_distutils_commands:/home/kirils/final/install/follow_person/lib/python3.10/site-packages:${PYTHONPATH} /usr/bin/python3 -W ignore:setup.py install is deprecated -W ignore:easy_install command is deprecated setup.py egg_info --egg-base ../build/follow_person build --build-base /home/kirils/final/build/follow_person/build install --record /home/kirils/final/build/follow_person/install.log --single-version-externally-managed install_data
