[0.083s] DEBUG:colcon:Command line arguments: ['/usr/bin/colcon', 'build']
[0.083s] DEBUG:colcon:Parsed command line arguments: Namespace(log_base=None, log_level=None, verb_name='build', build_base='build', install_base='install', merge_install=False, symlink_install=False, test_result_base=None, continue_on_error=False, executor='parallel', parallel_workers=12, event_handlers=None, ignore_user_meta=False, metas=['./colcon.meta'], base_paths=['.'], packages_ignore=None, packages_ignore_regex=None, paths=None, packages_up_to=None, packages_up_to_regex=None, packages_above=None, packages_above_and_dependencies=None, packages_above_depth=None, packages_select_by_dep=None, packages_skip_by_dep=None, packages_skip_up_to=None, packages_select_build_failed=False, packages_skip_build_finished=False, packages_select_test_failures=False, packages_skip_test_passed=False, packages_select=None, packages_skip=None, packages_select_regex=None, packages_skip_regex=None, packages_start=None, packages_end=None, allow_overriding=[], cmake_args=None, cmake_target=None, cmake_target_skip_unavailable=False, cmake_clean_cache=False, cmake_clean_first=False, cmake_force_configure=False, ament_cmake_args=None, catkin_cmake_args=None, catkin_skip_building_tests=False, mixin_files=None, mixin=None, verb_parser=<colcon_mixin.mixin.mixin_argument.MixinArgumentDecorator object at 0x7d6765d605b0>, verb_extension=<colcon_core.verb.build.BuildVerb object at 0x7d6765d60040>, main=<bound method BuildVerb.main of <colcon_core.verb.build.BuildVerb object at 0x7d6765d60040>>, mixin_verb=('build',))
[0.221s] Level 1:colcon.colcon_core.package_discovery:discover_packages(colcon_meta) check parameters
[0.221s] Level 1:colcon.colcon_core.package_discovery:discover_packages(recursive) check parameters
[0.221s] Level 1:colcon.colcon_core.package_discovery:discover_packages(ignore) check parameters
[0.221s] Level 1:colcon.colcon_core.package_discovery:discover_packages(path) check parameters
[0.221s] Level 1:colcon.colcon_core.package_discovery:discover_packages(colcon_meta) discover
[0.221s] Level 1:colcon.colcon_core.package_discovery:discover_packages(recursive) discover
[0.221s] INFO:colcon.colcon_core.package_discovery:Crawling recursively for packages in '/home/kirils/final'
[0.222s] Level 1:colcon.colcon_core.package_identification:_identify(.) by extensions ['ignore', 'ignore_ament_install']
[0.222s] Level 1:colcon.colcon_core.package_identification:_identify(.) by extension 'ignore'
[0.222s] Level 1:colcon.colcon_core.package_identification:_identify(.) by extension 'ignore_ament_install'
[0.222s] Level 1:colcon.colcon_core.package_identification:_identify(.) by extensions ['colcon_pkg']
[0.222s] Level 1:colcon.colcon_core.package_identification:_identify(.) by extension 'colcon_pkg'
[0.222s] Level 1:colcon.colcon_core.package_identification:_identify(.) by extensions ['colcon_meta']
[0.222s] Level 1:colcon.colcon_core.package_identification:_identify(.) by extension 'colcon_meta'
[0.222s] Level 1:colcon.colcon_core.package_identification:_identify(.) by extensions ['ros']
[0.222s] Level 1:colcon.colcon_core.package_identification:_identify(.) by extension 'ros'
[0.230s] Level 1:colcon.colcon_core.package_identification:_identify(.) by extensions ['cmake', 'python']
[0.230s] Level 1:colcon.colcon_core.package_identification:_identify(.) by extension 'cmake'
[0.230s] Level 1:colcon.colcon_core.package_identification:_identify(.) by extension 'python'
[0.230s] Level 1:colcon.colcon_core.package_identification:_identify(.) by extensions ['python_setup_py']
[0.230s] Level 1:colcon.colcon_core.package_identification:_identify(.) by extension 'python_setup_py'
[0.230s] Level 1:colcon.colcon_core.package_identification:_identify(build) by extensions ['ignore', 'ignore_ament_install']
[0.230s] Level 1:colcon.colcon_core.package_identification:_identify(build) by extension 'ignore'
[0.230s] Level 1:colcon.colcon_core.package_identification:_identify(build) ignored
[0.230s] Level 1:colcon.colcon_core.package_identification:_identify(follow_person) by extensions ['ignore', 'ignore_ament_install']
[0.230s] Level 1:colcon.colcon_core.package_identification:_identify(follow_person) by extension 'ignore'
[0.230s] Level 1:colcon.colcon_core.package_identification:_identify(follow_person) by extension 'ignore_ament_install'
[0.230s] Level 1:colcon.colcon_core.package_identification:_identify(follow_person) by extensions ['colcon_pkg']
[0.230s] Level 1:colcon.colcon_core.package_identification:_identify(follow_person) by extension 'colcon_pkg'
[0.230s] Level 1:colcon.colcon_core.package_identification:_identify(follow_person) by extensions ['colcon_meta']
[0.230s] Level 1:colcon.colcon_core.package_identification:_identify(follow_person) by extension 'colcon_meta'
[0.230s] Level 1:colcon.colcon_core.package_identification:_identify(follow_person) by extensions ['ros']
[0.230s] Level 1:colcon.colcon_core.package_identification:_identify(follow_person) by extension 'ros'
[0.232s] DEBUG:colcon.colcon_core.package_identification:Package 'follow_person' with type 'ros.ament_python' and name 'follow_person'
[0.232s] Level 1:colcon.colcon_core.package_identification:_identify(follow_person_twist) by extensions ['ignore', 'ignore_ament_install']
[0.232s] Level 1:colcon.colcon_core.package_identification:_identify(follow_person_twist) by extension 'ignore'
[0.232s] Level 1:colcon.colcon_core.package_identification:_identify(follow_person_twist) by extension 'ignore_ament_install'
[0.232s] Level 1:colcon.colcon_core.package_identification:_identify(follow_person_twist) by extensions ['colcon_pkg']
[0.232s] Level 1:colcon.colcon_core.package_identification:_identify(follow_person_twist) by extension 'colcon_pkg'
[0.232s] Level 1:colcon.colcon_core.package_identification:_identify(follow_person_twist) by extensions ['colcon_meta']
[0.232s] Level 1:colcon.colcon_core.package_identification:_identify(follow_person_twist) by extension 'colcon_meta'
[0.232s] Level 1:colcon.colcon_core.package_identification:_identify(follow_person_twist) by extensions ['ros']
[0.232s] Level 1:colcon.colcon_core.package_identification:_identify(follow_person_twist) by extension 'ros'
[0.233s] DEBUG:colcon.colcon_core.package_identification:Package 'follow_person_twist' with type 'ros.ament_python' and name 'follow_person_twist'
[0.233s] Level 1:colcon.colcon_core.package_identification:_identify(install) by extensions ['ignore', 'ignore_ament_install']
[0.233s] Level 1:colcon.colcon_core.package_identification:_identify(install) by extension 'ignore'
[0.233s] Level 1:colcon.colcon_core.package_identification:_identify(install) ignored
[0.233s] Level 1:colcon.colcon_core.package_identification:_identify(log) by extensions ['ignore', 'ignore_ament_install']
[0.233s] Level 1:colcon.colcon_core.package_identification:_identify(log) by extension 'ignore'
[0.233s] Level 1:colcon.colcon_core.package_identification:_identify(log) ignored
[0.233s] Level 1:colcon.colcon_core.package_discovery:discover_packages(recursive) using defaults
[0.233s] Level 1:colcon.colcon_core.package_discovery:discover_packages(ignore) discover
[0.233s] Level 1:colcon.colcon_core.package_discovery:discover_packages(ignore) using defaults
[0.233s] Level 1:colcon.colcon_core.package_discovery:discover_packages(path) discover
[0.233s] Level 1:colcon.colcon_core.package_discovery:discover_packages(path) using defaults
[0.255s] Level 1:colcon.colcon_core.package_discovery:discover_packages(prefix_path) check parameters
[0.255s] Level 1:colcon.colcon_core.package_discovery:discover_packages(prefix_path) discover
[0.257s] DEBUG:colcon.colcon_installed_package_information.package_discovery:Found 13 installed packages in /home/kirils/tb4_ws/install
[0.258s] DEBUG:colcon.colcon_installed_package_information.package_discovery:Found 379 installed packages in /opt/ros/humble
[0.260s] Level 1:colcon.colcon_core.package_discovery:discover_packages(prefix_path) using defaults
[0.296s] Level 5:colcon.colcon_core.verb:set package 'follow_person' build argument 'cmake_args' from command line to 'None'
[0.296s] Level 5:colcon.colcon_core.verb:set package 'follow_person' build argument 'cmake_target' from command line to 'None'
[0.296s] Level 5:colcon.colcon_core.verb:set package 'follow_person' build argument 'cmake_target_skip_unavailable' from command line to 'False'
[0.296s] Level 5:colcon.colcon_core.verb:set package 'follow_person' build argument 'cmake_clean_cache' from command line to 'False'
[0.296s] Level 5:colcon.colcon_core.verb:set package 'follow_person' build argument 'cmake_clean_first' from command line to 'False'
[0.296s] Level 5:colcon.colcon_core.verb:set package 'follow_person' build argument 'cmake_force_configure' from command line to 'False'
[0.296s] Level 5:colcon.colcon_core.verb:set package 'follow_person' build argument 'ament_cmake_args' from command line to 'None'
[0.296s] Level 5:colcon.colcon_core.verb:set package 'follow_person' build argument 'catkin_cmake_args' from command line to 'None'
[0.296s] Level 5:colcon.colcon_core.verb:set package 'follow_person' build argument 'catkin_skip_building_tests' from command line to 'False'
[0.296s] DEBUG:colcon.colcon_core.verb:Building package 'follow_person' with the following arguments: {'ament_cmake_args': None, 'build_base': '/home/kirils/final/build/follow_person', 'catkin_cmake_args': None, 'catkin_skip_building_tests': False, 'cmake_args': None, 'cmake_clean_cache': False, 'cmake_clean_first': False, 'cmake_force_configure': False, 'cmake_target': None, 'cmake_target_skip_unavailable': False, 'install_base': '/home/kirils/final/install/follow_person', 'merge_install': False, 'path': '/home/kirils/final/follow_person', 'symlink_install': False, 'test_result_base': None}
[0.296s] Level 5:colcon.colcon_core.verb:set package 'follow_person_twist' build argument 'cmake_args' from command line to 'None'
[0.296s] Level 5:colcon.colcon_core.verb:set package 'follow_person_twist' build argument 'cmake_target' from command line to 'None'
[0.296s] Level 5:colcon.colcon_core.verb:set package 'follow_person_twist' build argument 'cmake_target_skip_unavailable' from command line to 'False'
[0.296s] Level 5:colcon.colcon_core.verb:set package 'follow_person_twist' build argument 'cmake_clean_cache' from command line to 'False'
[0.296s] Level 5:colcon.colcon_core.verb:set package 'follow_person_twist' build argument 'cmake_clean_first' from command line to 'False'
[0.296s] Level 5:colcon.colcon_core.verb:set package 'follow_person_twist' build argument 'cmake_force_configure' from command line to 'False'
[0.296s] Level 5:colcon.colcon_core.verb:set package 'follow_person_twist' build argument 'ament_cmake_args' from command line to 'None'
[0.296s] Level 5:colcon.colcon_core.verb:set package 'follow_person_twist' build argument 'catkin_cmake_args' from command line to 'None'
[0.296s] Level 5:colcon.colcon_core.verb:set package 'follow_person_twist' build argument 'catkin_skip_building_tests' from command line to 'False'
[0.296s] DEBUG:colcon.colcon_core.verb:Building package 'follow_person_twist' with the following arguments: {'ament_cmake_args': None, 'build_base': '/home/kirils/final/build/follow_person_twist', 'catkin_cmake_args': None, 'catkin_skip_building_tests': False, 'cmake_args': None, 'cmake_clean_cache': False, 'cmake_clean_first': False, 'cmake_force_configure': False, 'cmake_target': None, 'cmake_target_skip_unavailable': False, 'install_base': '/home/kirils/final/install/follow_person_twist', 'merge_install': False, 'path': '/home/kirils/final/follow_person_twist', 'symlink_install': False, 'test_result_base': None}
[0.296s] INFO:colcon.colcon_core.executor:Executing jobs using 'parallel' executor
[0.297s] DEBUG:colcon.colcon_parallel_executor.executor.parallel:run_until_complete
[0.297s] INFO:colcon.colcon_ros.task.ament_python.build:Building ROS package in '/home/kirils/final/follow_person' with build type 'ament_python'
[0.297s] Level 1:colcon.colcon_core.shell:create_environment_hook('follow_person', 'ament_prefix_path')
[0.299s] INFO:colcon.colcon_core.plugin_system:Skipping extension 'colcon_core.shell.bat': Not used on non-Windows systems
[0.299s] INFO:colcon.colcon_core.shell:Creating environment hook '/home/kirils/final/install/follow_person/share/follow_person/hook/ament_prefix_path.ps1'
[0.300s] INFO:colcon.colcon_core.shell:Creating environment descriptor '/home/kirils/final/install/follow_person/share/follow_person/hook/ament_prefix_path.dsv'
[0.300s] INFO:colcon.colcon_core.shell:Creating environment hook '/home/kirils/final/install/follow_person/share/follow_person/hook/ament_prefix_path.sh'
[0.301s] INFO:colcon.colcon_core.shell:Skip shell extension 'powershell' for command environment: Not usable outside of PowerShell
[0.301s] DEBUG:colcon.colcon_core.shell:Skip shell extension 'dsv' for command environment
[0.304s] INFO:colcon.colcon_ros.task.ament_python.build:Building ROS package in '/home/kirils/final/follow_person_twist' with build type 'ament_python'
[0.304s] Level 1:colcon.colcon_core.shell:create_environment_hook('follow_person_twist', 'ament_prefix_path')
[0.304s] INFO:colcon.colcon_core.shell:Creating environment hook '/home/kirils/final/install/follow_person_twist/share/follow_person_twist/hook/ament_prefix_path.ps1'
[0.305s] INFO:colcon.colcon_core.shell:Creating environment descriptor '/home/kirils/final/install/follow_person_twist/share/follow_person_twist/hook/ament_prefix_path.dsv'
[0.305s] INFO:colcon.colcon_core.shell:Creating environment hook '/home/kirils/final/install/follow_person_twist/share/follow_person_twist/hook/ament_prefix_path.sh'
[0.305s] INFO:colcon.colcon_core.shell:Skip shell extension 'powershell' for command environment: Not usable outside of PowerShell
[0.305s] DEBUG:colcon.colcon_core.shell:Skip shell extension 'dsv' for command environment
[0.512s] INFO:colcon.colcon_core.task.python.build:Building Python package in '/home/kirils/final/follow_person'
[0.512s] INFO:colcon.colcon_core.shell:Skip shell extension 'powershell' for command environment: Not usable outside of PowerShell
[0.512s] DEBUG:colcon.colcon_core.shell:Skip shell extension 'dsv' for command environment
[0.719s] INFO:colcon.colcon_core.task.python.build:Building Python package in '/home/kirils/final/follow_person_twist'
[0.720s] INFO:colcon.colcon_core.shell:Skip shell extension 'powershell' for command environment: Not usable outside of PowerShell
[0.720s] DEBUG:colcon.colcon_core.shell:Skip shell extension 'dsv' for command environment
[1.004s] DEBUG:colcon.colcon_core.event_handler.log_command:Invoking command in '/home/kirils/final/follow_person': PYTHONPATH=/home/kirils/final/build/follow_person/prefix_override:/usr/lib/python3/dist-packages/colcon_core/task/python/colcon_distutils_commands:/home/kirils/final/install/follow_person/lib/python3.10/site-packages:${PYTHONPATH} /usr/bin/python3 -W ignore:setup.py install is deprecated -W ignore:easy_install command is deprecated setup.py egg_info --egg-base ../build/follow_person build --build-base /home/kirils/final/build/follow_person/build install --record /home/kirils/final/build/follow_person/install.log --single-version-externally-managed install_data
[1.009s] DEBUG:colcon.colcon_core.event_handler.log_command:Invoking command in '/home/kirils/final/follow_person_twist': PYTHONPATH=/home/kirils/final/build/follow_person_twist/prefix_override:/usr/lib/python3/dist-packages/colcon_core/task/python/colcon_distutils_commands:/home/kirils/final/install/follow_person_twist/lib/python3.10/site-packages:${PYTHONPATH} /usr/bin/python3 -W ignore:setup.py install is deprecated -W ignore:easy_install command is deprecated setup.py egg_info --egg-base ../build/follow_person_twist build --build-base /home/kirils/final/build/follow_person_twist/build install --record /home/kirils/final/build/follow_person_twist/install.log --single-version-externally-managed install_data
[1.246s] DEBUG:colcon.colcon_core.event_handler.log_command:Invoked command in '/home/kirils/final/follow_person' returned '0': PYTHONPATH=/home/kirils/final/build/follow_person/prefix_override:/usr/lib/python3/dist-packages/colcon_core/task/python/colcon_distutils_commands:/home/kirils/final/install/follow_person/lib/python3.10/site-packages:${PYTHONPATH} /usr/bin/python3 -W ignore:setup.py install is deprecated -W ignore:easy_install command is deprecated setup.py egg_info --egg-base ../build/follow_person build --build-base /home/kirils/final/build/follow_person/build install --record /home/kirils/final/build/follow_person/install.log --single-version-externally-managed install_data
[1.249s] Level 1:colcon.colcon_core.environment:checking '/home/kirils/final/install/follow_person' for CMake module files
[1.250s] Level 1:colcon.colcon_core.environment:checking '/home/kirils/final/install/follow_person' for CMake config files
[1.251s] Level 1:colcon.colcon_core.environment:checking '/home/kirils/final/install/follow_person/lib'
[1.251s] Level 1:colcon.colcon_core.environment:checking '/home/kirils/final/install/follow_person/bin'
[1.251s] Level 1:colcon.colcon_core.environment:checking '/home/kirils/final/install/follow_person/lib/pkgconfig/follow_person.pc'
[1.251s] Level 1:colcon.colcon_core.environment:checking '/home/kirils/final/install/follow_person/lib/python3.10/site-packages'
[1.252s] Level 1:colcon.colcon_core.shell:create_environment_hook('follow_person', 'pythonpath')
[1.252s] INFO:colcon.colcon_core.shell:Creating environment hook '/home/kirils/final/install/follow_person/share/follow_person/hook/pythonpath.ps1'
[1.252s] INFO:colcon.colcon_core.shell:Creating environment descriptor '/home/kirils/final/install/follow_person/share/follow_person/hook/pythonpath.dsv'
[1.253s] INFO:colcon.colcon_core.shell:Creating environment hook '/home/kirils/final/install/follow_person/share/follow_person/hook/pythonpath.sh'
[1.253s] Level 1:colcon.colcon_core.environment:checking '/home/kirils/final/install/follow_person/bin'
[1.253s] Level 1:colcon.colcon_core.environment:create_environment_scripts_only(follow_person)
[1.254s] INFO:colcon.colcon_core.shell:Creating package script '/home/kirils/final/install/follow_person/share/follow_person/package.ps1'
[1.255s] INFO:colcon.colcon_core.shell:Creating package descriptor '/home/kirils/final/install/follow_person/share/follow_person/package.dsv'
[1.255s] INFO:colcon.colcon_core.shell:Creating package script '/home/kirils/final/install/follow_person/share/follow_person/package.sh'
[1.256s] INFO:colcon.colcon_core.shell:Creating package script '/home/kirils/final/install/follow_person/share/follow_person/package.bash'
[1.257s] INFO:colcon.colcon_core.shell:Creating package script '/home/kirils/final/install/follow_person/share/follow_person/package.zsh'
[1.258s] Level 1:colcon.colcon_core.environment:create_file_with_runtime_dependencies(/home/kirils/final/install/follow_person/share/colcon-core/packages/follow_person)
[1.260s] Level 1:colcon.colcon_core.environment:checking '/home/kirils/final/install/follow_person_twist' for CMake module files
[1.260s] DEBUG:colcon.colcon_core.event_handler.log_command:Invoked command in '/home/kirils/final/follow_person_twist' returned '0': PYTHONPATH=/home/kirils/final/build/follow_person_twist/prefix_override:/usr/lib/python3/dist-packages/colcon_core/task/python/colcon_distutils_commands:/home/kirils/final/install/follow_person_twist/lib/python3.10/site-packages:${PYTHONPATH} /usr/bin/python3 -W ignore:setup.py install is deprecated -W ignore:easy_install command is deprecated setup.py egg_info --egg-base ../build/follow_person_twist build --build-base /home/kirils/final/build/follow_person_twist/build install --record /home/kirils/final/build/follow_person_twist/install.log --single-version-externally-managed install_data
[1.260s] Level 1:colcon.colcon_core.environment:checking '/home/kirils/final/install/follow_person_twist' for CMake config files
[1.261s] Level 1:colcon.colcon_core.environment:checking '/home/kirils/final/install/follow_person_twist/lib'
[1.261s] Level 1:colcon.colcon_core.environment:checking '/home/kirils/final/install/follow_person_twist/bin'
[1.261s] Level 1:colcon.colcon_core.environment:checking '/home/kirils/final/install/follow_person_twist/lib/pkgconfig/follow_person_twist.pc'
[1.262s] Level 1:colcon.colcon_core.environment:checking '/home/kirils/final/install/follow_person_twist/lib/python3.10/site-packages'
[1.262s] Level 1:colcon.colcon_core.shell:create_environment_hook('follow_person_twist', 'pythonpath')
[1.262s] INFO:colcon.colcon_core.shell:Creating environment hook '/home/kirils/final/install/follow_person_twist/share/follow_person_twist/hook/pythonpath.ps1'
[1.262s] INFO:colcon.colcon_core.shell:Creating environment descriptor '/home/kirils/final/install/follow_person_twist/share/follow_person_twist/hook/pythonpath.dsv'
[1.263s] INFO:colcon.colcon_core.shell:Creating environment hook '/home/kirils/final/install/follow_person_twist/share/follow_person_twist/hook/pythonpath.sh'
[1.263s] Level 1:colcon.colcon_core.environment:checking '/home/kirils/final/install/follow_person_twist/bin'
[1.263s] Level 1:colcon.colcon_core.environment:create_environment_scripts_only(follow_person_twist)
[1.264s] INFO:colcon.colcon_core.shell:Creating package script '/home/kirils/final/install/follow_person_twist/share/follow_person_twist/package.ps1'
[1.264s] INFO:colcon.colcon_core.shell:Creating package descriptor '/home/kirils/final/install/follow_person_twist/share/follow_person_twist/package.dsv'
[1.265s] INFO:colcon.colcon_core.shell:Creating package script '/home/kirils/final/install/follow_person_twist/share/follow_person_twist/package.sh'
[1.265s] INFO:colcon.colcon_core.shell:Creating package script '/home/kirils/final/install/follow_person_twist/share/follow_person_twist/package.bash'
[1.266s] INFO:colcon.colcon_core.shell:Creating package script '/home/kirils/final/install/follow_person_twist/share/follow_person_twist/package.zsh'
[1.266s] Level 1:colcon.colcon_core.environment:create_file_with_runtime_dependencies(/home/kirils/final/install/follow_person_twist/share/colcon-core/packages/follow_person_twist)
[1.266s] DEBUG:colcon.colcon_parallel_executor.executor.parallel:closing loop
[1.267s] DEBUG:colcon.colcon_parallel_executor.executor.parallel:loop closed
[1.267s] DEBUG:colcon.colcon_parallel_executor.executor.parallel:run_until_complete finished with '0'
[1.267s] DEBUG:colcon.colcon_core.event_reactor:joining thread
[1.274s] INFO:colcon.colcon_core.plugin_system:Skipping extension 'colcon_notification.desktop_notification.terminal_notifier': Not used on non-Darwin systems
[1.274s] INFO:colcon.colcon_core.plugin_system:Skipping extension 'colcon_notification.desktop_notification.win32': Not used on non-Windows systems
[1.274s] INFO:colcon.colcon_notification.desktop_notification:Sending desktop notification using 'notify2'
[1.288s] DEBUG:colcon.colcon_core.event_reactor:joined thread
[1.288s] INFO:colcon.colcon_core.shell:Creating prefix script '/home/kirils/final/install/local_setup.ps1'
[1.289s] INFO:colcon.colcon_core.shell:Creating prefix util module '/home/kirils/final/install/_local_setup_util_ps1.py'
[1.292s] INFO:colcon.colcon_core.shell:Creating prefix chain script '/home/kirils/final/install/setup.ps1'
[1.294s] INFO:colcon.colcon_core.shell:Creating prefix script '/home/kirils/final/install/local_setup.sh'
[1.294s] INFO:colcon.colcon_core.shell:Creating prefix util module '/home/kirils/final/install/_local_setup_util_sh.py'
[1.295s] INFO:colcon.colcon_core.shell:Creating prefix chain script '/home/kirils/final/install/setup.sh'
[1.297s] INFO:colcon.colcon_core.shell:Creating prefix script '/home/kirils/final/install/local_setup.bash'
[1.298s] INFO:colcon.colcon_core.shell:Creating prefix chain script '/home/kirils/final/install/setup.bash'
[1.300s] INFO:colcon.colcon_core.shell:Creating prefix script '/home/kirils/final/install/local_setup.zsh'
[1.301s] INFO:colcon.colcon_core.shell:Creating prefix chain script '/home/kirils/final/install/setup.zsh'
