running egg_info
creating ../build/follow_person/follow_person.egg-info
writing ../build/follow_person/follow_person.egg-info/PKG-INFO
writing dependency_links to ../build/follow_person/follow_person.egg-info/dependency_links.txt
writing entry points to ../build/follow_person/follow_person.egg-info/entry_points.txt
writing requirements to ../build/follow_person/follow_person.egg-info/requires.txt
writing top-level names to ../build/follow_person/follow_person.egg-info/top_level.txt
writing manifest file '../build/follow_person/follow_person.egg-info/SOURCES.txt'
reading manifest file '../build/follow_person/follow_person.egg-info/SOURCES.txt'
writing manifest file '../build/follow_person/follow_person.egg-info/SOURCES.txt'
running build
running build_py
creating /home/kirils/final/build/follow_person/build
creating /home/kirils/final/build/follow_person/build/lib
creating /home/kirils/final/build/follow_person/build/lib/follow_person
copying follow_person/person_detection_nav.py -> /home/kirils/final/build/follow_person/build/lib/follow_person
copying follow_person/__init__.py -> /home/kirils/final/build/follow_person/build/lib/follow_person
copying follow_person/path_playback.py -> /home/kirils/final/build/follow_person/build/lib/follow_person
copying follow_person/lidar_transform.py -> /home/kirils/final/build/follow_person/build/lib/follow_person
copying follow_person/path_record.py -> /home/kirils/final/build/follow_person/build/lib/follow_person
copying follow_person/nav2_goal.py -> /home/kirils/final/build/follow_person/build/lib/follow_person
copying follow_person/person_detection_lidar_nav.py -> /home/kirils/final/build/follow_person/build/lib/follow_person
running install
running install_lib
creating /home/kirils/final/install/follow_person/lib/python3.10/site-packages/follow_person
copying /home/kirils/final/build/follow_person/build/lib/follow_person/person_detection_nav.py -> /home/kirils/final/install/follow_person/lib/python3.10/site-packages/follow_person
copying /home/kirils/final/build/follow_person/build/lib/follow_person/__init__.py -> /home/kirils/final/install/follow_person/lib/python3.10/site-packages/follow_person
copying /home/kirils/final/build/follow_person/build/lib/follow_person/path_playback.py -> /home/kirils/final/install/follow_person/lib/python3.10/site-packages/follow_person
copying /home/kirils/final/build/follow_person/build/lib/follow_person/lidar_transform.py -> /home/kirils/final/install/follow_person/lib/python3.10/site-packages/follow_person
copying /home/kirils/final/build/follow_person/build/lib/follow_person/path_record.py -> /home/kirils/final/install/follow_person/lib/python3.10/site-packages/follow_person
copying /home/kirils/final/build/follow_person/build/lib/follow_person/nav2_goal.py -> /home/kirils/final/install/follow_person/lib/python3.10/site-packages/follow_person
copying /home/kirils/final/build/follow_person/build/lib/follow_person/person_detection_lidar_nav.py -> /home/kirils/final/install/follow_person/lib/python3.10/site-packages/follow_person
byte-compiling /home/kirils/final/install/follow_person/lib/python3.10/site-packages/follow_person/person_detection_nav.py to person_detection_nav.cpython-310.pyc
byte-compiling /home/kirils/final/install/follow_person/lib/python3.10/site-packages/follow_person/__init__.py to __init__.cpython-310.pyc
byte-compiling /home/kirils/final/install/follow_person/lib/python3.10/site-packages/follow_person/path_playback.py to path_playback.cpython-310.pyc
byte-compiling /home/kirils/final/install/follow_person/lib/python3.10/site-packages/follow_person/lidar_transform.py to lidar_transform.cpython-310.pyc
byte-compiling /home/kirils/final/install/follow_person/lib/python3.10/site-packages/follow_person/path_record.py to path_record.cpython-310.pyc
byte-compiling /home/kirils/final/install/follow_person/lib/python3.10/site-packages/follow_person/nav2_goal.py to nav2_goal.cpython-310.pyc
byte-compiling /home/kirils/final/install/follow_person/lib/python3.10/site-packages/follow_person/person_detection_lidar_nav.py to person_detection_lidar_nav.cpython-310.pyc
running install_data
creating /home/kirils/final/install/follow_person/share/ament_index
creating /home/kirils/final/install/follow_person/share/ament_index/resource_index
creating /home/kirils/final/install/follow_person/share/ament_index/resource_index/packages
copying resource/follow_person -> /home/kirils/final/install/follow_person/share/ament_index/resource_index/packages
copying package.xml -> /home/kirils/final/install/follow_person/share/follow_person
creating /home/kirils/final/install/follow_person/share/follow_person/launch
copying launch/follow_person_launch.py -> /home/kirils/final/install/follow_person/share/follow_person/launch
copying launch/follow_person_launch_lidar.py -> /home/kirils/final/install/follow_person/share/follow_person/launch
running install_egg_info
Copying ../build/follow_person/follow_person.egg-info to /home/kirils/final/install/follow_person/lib/python3.10/site-packages/follow_person-0.0.0-py3.10.egg-info
running install_scripts
Installing lidar_transform script to /home/kirils/final/install/follow_person/lib/follow_person
Installing nav2_goal script to /home/kirils/final/install/follow_person/lib/follow_person
Installing path_playback script to /home/kirils/final/install/follow_person/lib/follow_person
Installing path_record script to /home/kirils/final/install/follow_person/lib/follow_person
Installing person_detection_lidar_nav script to /home/kirils/final/install/follow_person/lib/follow_person
Installing person_detection_nav script to /home/kirils/final/install/follow_person/lib/follow_person
writing list of installed files to '/home/kirils/final/build/follow_person/install.log'
