[0.706s] Invoking command in '/home/kirils/final/follow_person': PYTHONPATH=/home/kirils/final/build/follow_person/prefix_override:/usr/lib/python3/dist-packages/colcon_core/task/python/colcon_distutils_commands:/home/kirils/final/install/follow_person/lib/python3.10/site-packages:${PYTHONPATH} /usr/bin/python3 -W ignore:setup.py install is deprecated -W ignore:easy_install command is deprecated setup.py egg_info --egg-base ../build/follow_person build --build-base /home/kirils/final/build/follow_person/build install --record /home/kirils/final/build/follow_person/install.log --single-version-externally-managed install_data
[0.901s] running egg_info
[0.901s] creating ../build/follow_person/follow_person.egg-info
[0.901s] writing ../build/follow_person/follow_person.egg-info/PKG-INFO
[0.901s] writing dependency_links to ../build/follow_person/follow_person.egg-info/dependency_links.txt
[0.901s] writing entry points to ../build/follow_person/follow_person.egg-info/entry_points.txt
[0.902s] writing requirements to ../build/follow_person/follow_person.egg-info/requires.txt
[0.902s] writing top-level names to ../build/follow_person/follow_person.egg-info/top_level.txt
[0.902s] writing manifest file '../build/follow_person/follow_person.egg-info/SOURCES.txt'
[0.903s] reading manifest file '../build/follow_person/follow_person.egg-info/SOURCES.txt'
[0.904s] writing manifest file '../build/follow_person/follow_person.egg-info/SOURCES.txt'
[0.904s] running build
[0.904s] running build_py
[0.905s] creating /home/kirils/final/build/follow_person/build
[0.905s] creating /home/kirils/final/build/follow_person/build/lib
[0.905s] creating /home/kirils/final/build/follow_person/build/lib/follow_person
[0.905s] copying follow_person/person_detection_nav.py -> /home/kirils/final/build/follow_person/build/lib/follow_person
[0.905s] copying follow_person/__init__.py -> /home/kirils/final/build/follow_person/build/lib/follow_person
[0.905s] copying follow_person/path_playback.py -> /home/kirils/final/build/follow_person/build/lib/follow_person
[0.906s] copying follow_person/lidar_transform.py -> /home/kirils/final/build/follow_person/build/lib/follow_person
[0.906s] copying follow_person/path_record.py -> /home/kirils/final/build/follow_person/build/lib/follow_person
[0.906s] copying follow_person/nav2_goal.py -> /home/kirils/final/build/follow_person/build/lib/follow_person
[0.906s] copying follow_person/person_detection_lidar_nav.py -> /home/kirils/final/build/follow_person/build/lib/follow_person
[0.906s] running install
[0.906s] running install_lib
[0.907s] creating /home/kirils/final/install/follow_person/lib/python3.10/site-packages/follow_person
[0.907s] copying /home/kirils/final/build/follow_person/build/lib/follow_person/person_detection_nav.py -> /home/kirils/final/install/follow_person/lib/python3.10/site-packages/follow_person
[0.907s] copying /home/kirils/final/build/follow_person/build/lib/follow_person/__init__.py -> /home/kirils/final/install/follow_person/lib/python3.10/site-packages/follow_person
[0.907s] copying /home/kirils/final/build/follow_person/build/lib/follow_person/path_playback.py -> /home/kirils/final/install/follow_person/lib/python3.10/site-packages/follow_person
[0.907s] copying /home/kirils/final/build/follow_person/build/lib/follow_person/lidar_transform.py -> /home/kirils/final/install/follow_person/lib/python3.10/site-packages/follow_person
[0.907s] copying /home/kirils/final/build/follow_person/build/lib/follow_person/path_record.py -> /home/kirils/final/install/follow_person/lib/python3.10/site-packages/follow_person
[0.909s] copying /home/kirils/final/build/follow_person/build/lib/follow_person/nav2_goal.py -> /home/kirils/final/install/follow_person/lib/python3.10/site-packages/follow_person
[0.909s] copying /home/kirils/final/build/follow_person/build/lib/follow_person/person_detection_lidar_nav.py -> /home/kirils/final/install/follow_person/lib/python3.10/site-packages/follow_person
[0.909s] byte-compiling /home/kirils/final/install/follow_person/lib/python3.10/site-packages/follow_person/person_detection_nav.py to person_detection_nav.cpython-310.pyc
[0.910s] byte-compiling /home/kirils/final/install/follow_person/lib/python3.10/site-packages/follow_person/__init__.py to __init__.cpython-310.pyc
[0.910s] byte-compiling /home/kirils/final/install/follow_person/lib/python3.10/site-packages/follow_person/path_playback.py to path_playback.cpython-310.pyc
[0.911s] byte-compiling /home/kirils/final/install/follow_person/lib/python3.10/site-packages/follow_person/lidar_transform.py to lidar_transform.cpython-310.pyc
[0.911s] byte-compiling /home/kirils/final/install/follow_person/lib/python3.10/site-packages/follow_person/path_record.py to path_record.cpython-310.pyc
[0.912s] byte-compiling /home/kirils/final/install/follow_person/lib/python3.10/site-packages/follow_person/nav2_goal.py to nav2_goal.cpython-310.pyc
[0.912s] byte-compiling /home/kirils/final/install/follow_person/lib/python3.10/site-packages/follow_person/person_detection_lidar_nav.py to person_detection_lidar_nav.cpython-310.pyc
[0.913s] running install_data
[0.914s] creating /home/kirils/final/install/follow_person/share/ament_index
[0.914s] creating /home/kirils/final/install/follow_person/share/ament_index/resource_index
[0.914s] creating /home/kirils/final/install/follow_person/share/ament_index/resource_index/packages
[0.914s] copying resource/follow_person -> /home/kirils/final/install/follow_person/share/ament_index/resource_index/packages
[0.914s] copying package.xml -> /home/kirils/final/install/follow_person/share/follow_person
[0.914s] creating /home/kirils/final/install/follow_person/share/follow_person/launch
[0.914s] copying launch/follow_person_launch.py -> /home/kirils/final/install/follow_person/share/follow_person/launch
[0.914s] copying launch/follow_person_launch_lidar.py -> /home/kirils/final/install/follow_person/share/follow_person/launch
[0.914s] running install_egg_info
[0.916s] Copying ../build/follow_person/follow_person.egg-info to /home/kirils/final/install/follow_person/lib/python3.10/site-packages/follow_person-0.0.0-py3.10.egg-info
[0.917s] running install_scripts
[0.932s] Installing lidar_transform script to /home/kirils/final/install/follow_person/lib/follow_person
[0.932s] Installing nav2_goal script to /home/kirils/final/install/follow_person/lib/follow_person
[0.932s] Installing path_playback script to /home/kirils/final/install/follow_person/lib/follow_person
[0.932s] Installing path_record script to /home/kirils/final/install/follow_person/lib/follow_person
[0.932s] Installing person_detection_lidar_nav script to /home/kirils/final/install/follow_person/lib/follow_person
[0.932s] Installing person_detection_nav script to /home/kirils/final/install/follow_person/lib/follow_person
[0.933s] writing list of installed files to '/home/kirils/final/build/follow_person/install.log'
[0.948s] Invoked command in '/home/kirils/final/follow_person' returned '0': PYTHONPATH=/home/kirils/final/build/follow_person/prefix_override:/usr/lib/python3/dist-packages/colcon_core/task/python/colcon_distutils_commands:/home/kirils/final/install/follow_person/lib/python3.10/site-packages:${PYTHONPATH} /usr/bin/python3 -W ignore:setup.py install is deprecated -W ignore:easy_install command is deprecated setup.py egg_info --egg-base ../build/follow_person build --build-base /home/kirils/final/build/follow_person/build install --record /home/kirils/final/build/follow_person/install.log --single-version-externally-managed install_data
