/home/kirils/final/install/follow_person/lib/python3.10/site-packages/follow_person/person_detection_nav.py
/home/kirils/final/install/follow_person/lib/python3.10/site-packages/follow_person/__init__.py
/home/kirils/final/install/follow_person/lib/python3.10/site-packages/follow_person/path_playback.py
/home/kirils/final/install/follow_person/lib/python3.10/site-packages/follow_person/lidar_transform.py
/home/kirils/final/install/follow_person/lib/python3.10/site-packages/follow_person/path_record.py
/home/kirils/final/install/follow_person/lib/python3.10/site-packages/follow_person/nav2_goal.py
/home/kirils/final/install/follow_person/lib/python3.10/site-packages/follow_person/person_detection_lidar_nav.py
/home/kirils/final/install/follow_person/lib/python3.10/site-packages/follow_person/__pycache__/person_detection_nav.cpython-310.pyc
/home/kirils/final/install/follow_person/lib/python3.10/site-packages/follow_person/__pycache__/__init__.cpython-310.pyc
/home/kirils/final/install/follow_person/lib/python3.10/site-packages/follow_person/__pycache__/path_playback.cpython-310.pyc
/home/kirils/final/install/follow_person/lib/python3.10/site-packages/follow_person/__pycache__/lidar_transform.cpython-310.pyc
/home/kirils/final/install/follow_person/lib/python3.10/site-packages/follow_person/__pycache__/path_record.cpython-310.pyc
/home/kirils/final/install/follow_person/lib/python3.10/site-packages/follow_person/__pycache__/nav2_goal.cpython-310.pyc
/home/kirils/final/install/follow_person/lib/python3.10/site-packages/follow_person/__pycache__/person_detection_lidar_nav.cpython-310.pyc
/home/kirils/final/install/follow_person/share/ament_index/resource_index/packages/follow_person
/home/kirils/final/install/follow_person/share/follow_person/package.xml
/home/kirils/final/install/follow_person/share/follow_person/launch/follow_person_launch.py
/home/kirils/final/install/follow_person/share/follow_person/launch/follow_person_launch_lidar.py
/home/kirils/final/install/follow_person/lib/python3.10/site-packages/follow_person-0.0.0-py3.10.egg-info/entry_points.txt
/home/kirils/final/install/follow_person/lib/python3.10/site-packages/follow_person-0.0.0-py3.10.egg-info/SOURCES.txt
/home/kirils/final/install/follow_person/lib/python3.10/site-packages/follow_person-0.0.0-py3.10.egg-info/dependency_links.txt
/home/kirils/final/install/follow_person/lib/python3.10/site-packages/follow_person-0.0.0-py3.10.egg-info/top_level.txt
/home/kirils/final/install/follow_person/lib/python3.10/site-packages/follow_person-0.0.0-py3.10.egg-info/zip-safe
/home/kirils/final/install/follow_person/lib/python3.10/site-packages/follow_person-0.0.0-py3.10.egg-info/requires.txt
/home/kirils/final/install/follow_person/lib/python3.10/site-packages/follow_person-0.0.0-py3.10.egg-info/PKG-INFO
/home/kirils/final/install/follow_person/lib/follow_person/lidar_transform
/home/kirils/final/install/follow_person/lib/follow_person/nav2_goal
/home/kirils/final/install/follow_person/lib/follow_person/path_playback
/home/kirils/final/install/follow_person/lib/follow_person/path_record
/home/kirils/final/install/follow_person/lib/follow_person/person_detection_lidar_nav
/home/kirils/final/install/follow_person/lib/follow_person/person_detection_nav
